0 info it worked if it ends with ok
1 verbose cli [ 'C:\\Program Files\\nodejs\\\\node.exe',
1 verbose cli   'C:\\Program Files\\nodejs\\node_modules\\npm\\bin\\npm-cli.js',
1 verbose cli   'install',
1 verbose cli   'lifxa' ]
2 info using npm@1.4.28
3 info using node@v0.10.32
4 verbose node symlink C:\Program Files\nodejs\\node.exe
5 warn package.json node-red-lifx@0.0.0 No description
6 warn package.json node-red-lifx@0.0.0 No repository field.
7 warn package.json node-red-lifx@0.0.0 No README data
8 verbose readDependencies using package.json deps
9 verbose cache add [ 'lifxa', null ]
10 verbose cache add name=undefined spec="lifxa" args=["lifxa",null]
11 verbose parsed url { protocol: null,
11 verbose parsed url   slashes: null,
11 verbose parsed url   auth: null,
11 verbose parsed url   host: null,
11 verbose parsed url   port: null,
11 verbose parsed url   hostname: null,
11 verbose parsed url   hash: null,
11 verbose parsed url   search: null,
11 verbose parsed url   query: null,
11 verbose parsed url   pathname: 'lifxa',
11 verbose parsed url   path: 'lifxa',
11 verbose parsed url   href: 'lifxa' }
12 silly lockFile 67cca8b2-lifxa lifxa
13 verbose lock lifxa C:\Users\petr\AppData\Roaming\npm-cache\67cca8b2-lifxa.lock
14 silly lockFile 67cca8b2-lifxa lifxa
15 silly lockFile 67cca8b2-lifxa lifxa
16 verbose addNamed [ 'lifxa', '' ]
17 verbose addNamed [ null, '*' ]
18 silly lockFile c37367a8-lifxa lifxa@
19 verbose lock lifxa@ C:\Users\petr\AppData\Roaming\npm-cache\c37367a8-lifxa.lock
20 silly addNameRange { name: 'lifxa', range: '*', hasData: false }
21 verbose request where is /lifxa
22 verbose request registry https://registry.npmjs.org/
23 verbose request id 967492e2b4ed0f27
24 verbose url raw /lifxa
25 verbose url resolving [ 'https://registry.npmjs.org/', './lifxa' ]
26 verbose url resolved https://registry.npmjs.org/lifxa
27 verbose request where is https://registry.npmjs.org/lifxa
28 info trying registry request attempt 1 at 16:30:40
29 http GET https://registry.npmjs.org/lifxa
30 http 404 https://registry.npmjs.org/lifxa
31 verbose headers { date: 'Sat, 25 Oct 2014 14:27:10 GMT',
31 verbose headers   server: 'CouchDB/1.5.0 (Erlang OTP/R14B04)',
31 verbose headers   'content-type': 'application/json',
31 verbose headers   'cache-control': 'max-age=0',
31 verbose headers   'content-length': '52',
31 verbose headers   'accept-ranges': 'bytes',
31 verbose headers   via: '1.1 varnish',
31 verbose headers   age: '0',
31 verbose headers   'x-served-by': 'cache-ams4131-AMS',
31 verbose headers   'x-cache': 'MISS',
31 verbose headers   'x-cache-hits': '0',
31 verbose headers   'x-timer': 'S1414247229.752556,VS0,VE400',
31 verbose headers   'keep-alive': 'timeout=10, max=50',
31 verbose headers   connection: 'Keep-Alive' }
32 silly registry.get cb [ 404,
32 silly registry.get   { date: 'Sat, 25 Oct 2014 14:27:10 GMT',
32 silly registry.get     server: 'CouchDB/1.5.0 (Erlang OTP/R14B04)',
32 silly registry.get     'content-type': 'application/json',
32 silly registry.get     'cache-control': 'max-age=0',
32 silly registry.get     'content-length': '52',
32 silly registry.get     'accept-ranges': 'bytes',
32 silly registry.get     via: '1.1 varnish',
32 silly registry.get     age: '0',
32 silly registry.get     'x-served-by': 'cache-ams4131-AMS',
32 silly registry.get     'x-cache': 'MISS',
32 silly registry.get     'x-cache-hits': '0',
32 silly registry.get     'x-timer': 'S1414247229.752556,VS0,VE400',
32 silly registry.get     'keep-alive': 'timeout=10, max=50',
32 silly registry.get     connection: 'Keep-Alive' } ]
33 silly lockFile c37367a8-lifxa lifxa@
34 silly lockFile c37367a8-lifxa lifxa@
35 error 404 404 Not Found: lifxa
35 error 404
35 error 404 'lifxa' is not in the npm registry.
35 error 404 You should bug the author to publish it
35 error 404 It was specified as a dependency of 'node-red-lifx'
35 error 404
35 error 404 Note that you can also install from a
35 error 404 tarball, folder, or http url, or git url.
36 error System Windows_NT 6.1.7601
37 error command "C:\\Program Files\\nodejs\\\\node.exe" "C:\\Program Files\\nodejs\\node_modules\\npm\\bin\\npm-cli.js" "install" "lifxa"
38 error cwd d:\work\hackaton\artemis-red\nodes\lifx
39 error node -v v0.10.32
40 error npm -v 1.4.28
41 error code E404
42 verbose exit [ 1, true ]
